<?xml version="1.0" encoding="UTF-8"?>
<!-- Generated by org.testng.reporters.JUnitReportReporter -->
<testsuite hostname="LAPTOP-IG0H0NKM" failures="0" tests="5" name="testCases.TC003_LoginDDT" time="26.672" errors="0" timestamp="2025-01-21T15:00:45 EST" skipped="0">
  <testcase classname="testCases.TC003_LoginDDT" name="verify_loginDDT" time="2.795"/>
  <testcase classname="testCases.TC003_LoginDDT" name="verify_loginDDT" time="6.897"/>
  <testcase classname="testCases.TC003_LoginDDT" name="verify_loginDDT" time="7.516"/>
  <testcase classname="testCases.TC003_LoginDDT" name="verify_loginDDT" time="6.521"/>
  <testcase classname="testCases.TC003_LoginDDT" name="verify_loginDDT" time="2.943"/>
</testsuite> <!-- testCases.TC003_LoginDDT -->
