<?xml version="1.0" encoding="UTF-8"?>
<!-- Generated by org.testng.reporters.JUnitReportReporter -->
<testsuite hostname="LAPTOP-IG0H0NKM" failures="0" tests="1" name="testCases.TC001_AccountRegistrationTest" time="3.130" errors="0" timestamp="2025-01-21T21:26:38 EST" skipped="0">
  <testcase classname="testCases.TC001_AccountRegistrationTest" name="verify_account_registration" time="3.130"/>
</testsuite> <!-- testCases.TC001_AccountRegistrationTest -->
