<?xml version="1.0" encoding="UTF-8"?>
<!-- Generated by org.testng.reporters.JUnitReportReporter -->
<testsuite hostname="LAPTOP-IG0H0NKM" failures="0" tests="1" name="testCases.TC002_LoginTest" time="1.738" errors="0" timestamp="2025-01-21T21:26:38 EST" skipped="0">
  <testcase classname="testCases.TC002_LoginTest" name="verify_login" time="1.738"/>
</testsuite> <!-- testCases.TC002_LoginTest -->
